Start testing: Nov 27 11:33 EET
----------------------------------------------------------
1/3 Testing: goslayer-unit-tests:test sgf
1/3 Test: goslayer-unit-tests:test sgf
Command: "/media/reem/Data/4th years projects/MI - Project/RoboGo/build/bin/goslayer-unit-tests" "test sgf"
Directory: /media/reem/Data/4th years projects/MI - Project/RoboGo/build/tests
"goslayer-unit-tests:test sgf" start time: Nov 27 11:33 EET
Output:
----------------------------------------------------------
Filters: test sgf

~~~~~~~~~~~~~~~~~~~~~~~~~~~~~~~~~~~~~~~~~~~~~~~~~~~~~~~~~~~~~~~~~~~~~~~~~~~~~~~
goslayer-unit-tests is a Catch v2.10.0 host application.
Run with -? for options

-------------------------------------------------------------------------------
test sgf
-------------------------------------------------------------------------------
/media/reem/Data/4th years projects/MI - Project/RoboGo/tests/moves.cpp:15
...............................................................................

/media/reem/Data/4th years projects/MI - Project/RoboGo/tests/moves.cpp:25: FAILED:
  REQUIRE( actions.size() == 2 )
with expansion:
  0 == 2

===============================================================================
test cases: 1 | 1 failed
assertions: 1 | 1 failed

<end of output>
Test time =   0.01 sec
----------------------------------------------------------
Test Failed.
"goslayer-unit-tests:test sgf" end time: Nov 27 11:33 EET
"goslayer-unit-tests:test sgf" time elapsed: 00:00:00
----------------------------------------------------------

2/3 Testing: goslayer-unit-tests:Board updates
2/3 Test: goslayer-unit-tests:Board updates
Command: "/media/reem/Data/4th years projects/MI - Project/RoboGo/build/bin/goslayer-unit-tests" "Board updates"
Directory: /media/reem/Data/4th years projects/MI - Project/RoboGo/build/tests
"goslayer-unit-tests:Board updates" start time: Nov 27 11:33 EET
Output:
----------------------------------------------------------
Filters: Board updates
===============================================================================
All tests passed (2 assertions in 1 test case)

<end of output>
Test time =   0.01 sec
----------------------------------------------------------
Test Passed.
"goslayer-unit-tests:Board updates" end time: Nov 27 11:33 EET
"goslayer-unit-tests:Board updates" time elapsed: 00:00:00
----------------------------------------------------------

3/3 Testing: goslayer-unit-tests:test 1
3/3 Test: goslayer-unit-tests:test 1
Command: "/media/reem/Data/4th years projects/MI - Project/RoboGo/build/bin/goslayer-unit-tests" "test 1"
Directory: /media/reem/Data/4th years projects/MI - Project/RoboGo/build/tests
"goslayer-unit-tests:test 1" start time: Nov 27 11:33 EET
Output:
----------------------------------------------------------
Filters: test 1
===============================================================================
All tests passed (1 assertion in 1 test case)

<end of output>
Test time =   0.01 sec
----------------------------------------------------------
Test Passed.
"goslayer-unit-tests:test 1" end time: Nov 27 11:33 EET
"goslayer-unit-tests:test 1" time elapsed: 00:00:00
----------------------------------------------------------

End testing: Nov 27 11:33 EET

goslayer-unit-tests =   0.02 sec*proc

tags =   0.01 sec*proc

